Running with dbt=1.7.19
Registered adapter: snowflake=1.7.1
Unable to do partial parsing because of a version mismatch
Found 8 models, 2 snapshots, 1 analysis, 19 tests, 1 seed, 3 sources, 1 exposure, 0 metrics, 882 macros, 0 groups, 0 semantic models

Concurrency: 1 threads (target='dev')

1 of 27 START seed file DEV.seed_full_moon_dates ............................... [RUN]
1 of 27 OK loaded seed file DEV.seed_full_moon_dates ........................... [[32mINSERT 272[0m in 3.67s]
2 of 27 START snapshot dev.scd_raw_hosts ....................................... [RUN]
2 of 27 OK snapshotted dev.scd_raw_hosts ....................................... [[32mSUCCESS 0[0m in 5.24s]
3 of 27 START test dbt_expectations_source_expect_column_distinct_count_to_equal_airbnb_listings_room_type__4  [RUN]
3 of 27 PASS dbt_expectations_source_expect_column_distinct_count_to_equal_airbnb_listings_room_type__4  [[32mPASS[0m in 0.99s]
4 of 27 START test dbt_expectations_source_expect_column_values_to_match_regex_airbnb_listings_price___0_9_0_9_  [RUN]
4 of 27 PASS dbt_expectations_source_expect_column_values_to_match_regex_airbnb_listings_price___0_9_0_9_  [[32mPASS[0m in 0.95s]
5 of 27 START sql view model DEV.dim_hosts_cleansed ............................ [RUN]
5 of 27 OK created sql view model DEV.dim_hosts_cleansed ....................... [[32mSUCCESS 1[0m in 1.36s]
6 of 27 START sql incremental model DEV.fct_reviews ............................ [RUN]
Loading AIRBNB.DEV.fct_reviews incrementally (all missing dates)
6 of 27 OK created sql incremental model DEV.fct_reviews ....................... [[32mSUCCESS 0[0m in 3.01s]
7 of 27 START snapshot DEV.scd_raw_listings .................................... [RUN]
7 of 27 OK snapshotted DEV.scd_raw_listings .................................... [[32mSUCCESS 0[0m in 4.08s]
8 of 27 START test accepted_values_dim_hosts_cleansed_is_superhost__t__f ....... [RUN]
8 of 27 PASS accepted_values_dim_hosts_cleansed_is_superhost__t__f ............. [[32mPASS[0m in 1.14s]
9 of 27 START test not_null_dim_hosts_cleansed_host_id ......................... [RUN]
9 of 27 PASS not_null_dim_hosts_cleansed_host_id ............................... [[32mPASS[0m in 1.14s]
10 of 27 START test not_null_dim_hosts_cleansed_host_name ...................... [RUN]
10 of 27 PASS not_null_dim_hosts_cleansed_host_name ............................ [[32mPASS[0m in 1.09s]
11 of 27 START test unique_dim_hosts_cleansed_host_id .......................... [RUN]
11 of 27 PASS unique_dim_hosts_cleansed_host_id ................................ [[32mPASS[0m in 1.05s]
12 of 27 START sql table model DEV.mart_full_moon_reviews ...................... [RUN]
12 of 27 OK created sql table model DEV.mart_full_moon_reviews ................. [[32mSUCCESS 1[0m in 3.30s]
13 of 27 START sql view model DEV.dim_listings_cleansed ........................ [RUN]
13 of 27 OK created sql view model DEV.dim_listings_cleansed ................... [[32mSUCCESS 1[0m in 1.48s]
14 of 27 START test accepted_values_dim_listings_cleansed_room_type__Entire_home_apt__Private_room__Shared_room__Hotel_room  [RUN]
14 of 27 PASS accepted_values_dim_listings_cleansed_room_type__Entire_home_apt__Private_room__Shared_room__Hotel_room  [[32mPASS[0m in 1.02s]
15 of 27 START test consistent_created_at ...................................... [RUN]
15 of 27 PASS consistent_created_at ............................................ [[32mPASS[0m in 1.09s]
16 of 27 START test dim_listings_minimum_nights ................................ [RUN]
16 of 27 PASS dim_listings_minimum_nights ...................................... [[32mPASS[0m in 1.32s]
17 of 27 START test no_nulls_in_dim_listings ................................... [RUN]
17 of 27 PASS no_nulls_in_dim_listings ......................................... [[32mPASS[0m in 1.03s]
18 of 27 START test not_null_dim_listings_cleansed_host_id ..................... [RUN]
18 of 27 PASS not_null_dim_listings_cleansed_host_id ........................... [[32mPASS[0m in 1.11s]
19 of 27 START test not_null_dim_listings_cleansed_listing_id .................. [RUN]
19 of 27 PASS not_null_dim_listings_cleansed_listing_id ........................ [[32mPASS[0m in 0.86s]
20 of 27 START test positive_value_dim_listings_cleansed_minimum_nights ........ [RUN]
20 of 27 PASS positive_value_dim_listings_cleansed_minimum_nights .............. [[32mPASS[0m in 0.84s]
21 of 27 START test relationships_dim_listings_cleansed_host_id__host_id__ref_dim_hosts_cleansed_  [RUN]
21 of 27 PASS relationships_dim_listings_cleansed_host_id__host_id__ref_dim_hosts_cleansed_  [[32mPASS[0m in 1.24s]
22 of 27 START test unique_dim_listings_cleansed_listing_id .................... [RUN]
22 of 27 PASS unique_dim_listings_cleansed_listing_id .......................... [[32mPASS[0m in 0.89s]
23 of 27 START sql table model DEV.dim_listings_with_hosts ..................... [RUN]
23 of 27 OK created sql table model DEV.dim_listings_with_hosts ................ [[32mSUCCESS 1[0m in 1.99s]
24 of 27 START test dbt_expectations_expect_column_max_to_be_between_dim_listings_with_hosts_price__5000  [RUN]
24 of 27 WARN 1 dbt_expectations_expect_column_max_to_be_between_dim_listings_with_hosts_price__5000  [[33mWARN 1[0m in 0.98s]
25 of 27 START test dbt_expectations_expect_column_quantile_values_to_be_between_dim_listings_with_hosts_price__500__50__0_99  [RUN]
25 of 27 PASS dbt_expectations_expect_column_quantile_values_to_be_between_dim_listings_with_hosts_price__500__50__0_99  [[32mPASS[0m in 1.04s]
26 of 27 START test dbt_expectations_expect_column_values_to_be_of_type_dim_listings_with_hosts_price__number  [RUN]
26 of 27 PASS dbt_expectations_expect_column_values_to_be_of_type_dim_listings_with_hosts_price__number  [[32mPASS[0m in 1.08s]
27 of 27 START test dbt_expectations_expect_table_row_count_to_equal_other_table_dim_listings_with_hosts_source_airbnb_listings_  [RUN]
27 of 27 PASS dbt_expectations_expect_table_row_count_to_equal_other_table_dim_listings_with_hosts_source_airbnb_listings_  [[32mPASS[0m in 1.03s]

Finished running 1 seed, 2 snapshots, 19 tests, 2 view models, 1 incremental model, 2 table models in 0 hours 0 minutes and 48.37 seconds (48.37s).

[33mCompleted with 1 warning:[0m

[33mWarning in test dbt_expectations_expect_column_max_to_be_between_dim_listings_with_hosts_price__5000 (models/schema.yml)[0m
Got 1 result, configured to warn if != 0

  compiled Code at target/dbtlearn_dbt_assets-9c07e6e-3f24c56/compiled/dbtlearn/models/schema.yml/dbt_expectations_expect_column_468e4de3f229fa6ad450d64ec382bdcb.sql

Done. PASS=26 WARN=1 ERROR=0 SKIP=0 TOTAL=27
