[32m2024-12-04 15:25:12 +0000[0m - dagster - [34mDEBUG[0m - materialize_dbt_models - 9c07e6e7-e354-41b0-a40d-9f7387bc326c - 45844 - LOGS_CAPTURED - Started capturing logs in process (pid: 45844).
[32m2024-12-04 15:25:12 +0000[0m - dagster - [34mDEBUG[0m - materialize_dbt_models - 9c07e6e7-e354-41b0-a40d-9f7387bc326c - 45844 - dbtlearn_dbt_assets - STEP_START - Started execution of step "dbtlearn_dbt_assets".
[32m2024-12-04 15:25:12 +0000[0m - dagster - [34mINFO[0m - materialize_dbt_models - 9c07e6e7-e354-41b0-a40d-9f7387bc326c - dbtlearn_dbt_assets - A dbt subsetted execution is not being performed. Using the default dbt selection arguments `['--select', 'fqn:*']`.
[32m2024-12-04 15:25:12 +0000[0m - dagster - [34mINFO[0m - materialize_dbt_models - 9c07e6e7-e354-41b0-a40d-9f7387bc326c - dbtlearn_dbt_assets - Copying `/workspaces/dbt-bootcamp-codespace/dbtlearn/target/partial_parse.msgpack` to `/workspaces/dbt-bootcamp-codespace/dbtlearn/target/dbtlearn_dbt_assets-9c07e6e-3f24c56/partial_parse.msgpack` to take advantage of partial parsing.
[32m2024-12-04 15:25:12 +0000[0m - dagster - [34mINFO[0m - materialize_dbt_models - 9c07e6e7-e354-41b0-a40d-9f7387bc326c - dbtlearn_dbt_assets - Running dbt command: `dbt build --select fqn:*`.
[32m2024-12-04 15:25:25 +0000[0m - dagster - [34mDEBUG[0m - materialize_dbt_models - 9c07e6e7-e354-41b0-a40d-9f7387bc326c - 45844 - dbtlearn_dbt_assets - STEP_OUTPUT - Yielded output "seed_full_moon_dates" of type "Nothing". (Type check passed).
[32m2024-12-04 15:25:25 +0000[0m - dagster - [34mDEBUG[0m - materialize_dbt_models - 9c07e6e7-e354-41b0-a40d-9f7387bc326c - 45844 - dbtlearn_dbt_assets - ASSET_MATERIALIZATION - Materialized value seed_full_moon_dates.
[32m2024-12-04 15:25:31 +0000[0m - dagster - [34mDEBUG[0m - materialize_dbt_models - 9c07e6e7-e354-41b0-a40d-9f7387bc326c - 45844 - dbtlearn_dbt_assets - STEP_OUTPUT - Yielded output "scd_raw_hosts" of type "Nothing". (Type check passed).
[32m2024-12-04 15:25:31 +0000[0m - dagster - [34mDEBUG[0m - materialize_dbt_models - 9c07e6e7-e354-41b0-a40d-9f7387bc326c - 45844 - dbtlearn_dbt_assets - ASSET_MATERIALIZATION - Materialized value scd_raw_hosts.
[32m2024-12-04 15:25:32 +0000[0m - dagster - [34mDEBUG[0m - materialize_dbt_models - 9c07e6e7-e354-41b0-a40d-9f7387bc326c - 45844 - dbtlearn_dbt_assets - ASSET_OBSERVATION - DagsterEventType.ASSET_OBSERVATION for step dbtlearn_dbt_assets
[32m2024-12-04 15:25:33 +0000[0m - dagster - [34mDEBUG[0m - materialize_dbt_models - 9c07e6e7-e354-41b0-a40d-9f7387bc326c - 45844 - dbtlearn_dbt_assets - ASSET_OBSERVATION - DagsterEventType.ASSET_OBSERVATION for step dbtlearn_dbt_assets
[32m2024-12-04 15:25:34 +0000[0m - dagster - [34mDEBUG[0m - materialize_dbt_models - 9c07e6e7-e354-41b0-a40d-9f7387bc326c - 45844 - dbtlearn_dbt_assets - STEP_OUTPUT - Yielded output "dim_hosts_cleansed" of type "Nothing". (Type check passed).
[32m2024-12-04 15:25:34 +0000[0m - dagster - [34mDEBUG[0m - materialize_dbt_models - 9c07e6e7-e354-41b0-a40d-9f7387bc326c - 45844 - dbtlearn_dbt_assets - ASSET_MATERIALIZATION - Materialized value dim_hosts_cleansed.
[32m2024-12-04 15:25:37 +0000[0m - dagster - [34mDEBUG[0m - materialize_dbt_models - 9c07e6e7-e354-41b0-a40d-9f7387bc326c - 45844 - dbtlearn_dbt_assets - STEP_OUTPUT - Yielded output "fct_reviews" of type "Nothing". (Type check passed).
[32m2024-12-04 15:25:37 +0000[0m - dagster - [34mDEBUG[0m - materialize_dbt_models - 9c07e6e7-e354-41b0-a40d-9f7387bc326c - 45844 - dbtlearn_dbt_assets - ASSET_MATERIALIZATION - Materialized value fct_reviews.
[32m2024-12-04 15:25:41 +0000[0m - dagster - [34mDEBUG[0m - materialize_dbt_models - 9c07e6e7-e354-41b0-a40d-9f7387bc326c - 45844 - dbtlearn_dbt_assets - STEP_OUTPUT - Yielded output "scd_raw_listings" of type "Nothing". (Type check passed).
[32m2024-12-04 15:25:41 +0000[0m - dagster - [34mDEBUG[0m - materialize_dbt_models - 9c07e6e7-e354-41b0-a40d-9f7387bc326c - 45844 - dbtlearn_dbt_assets - ASSET_MATERIALIZATION - Materialized value scd_raw_listings.
[32m2024-12-04 15:25:42 +0000[0m - dagster - [34mDEBUG[0m - materialize_dbt_models - 9c07e6e7-e354-41b0-a40d-9f7387bc326c - 45844 - dbtlearn_dbt_assets - ASSET_OBSERVATION - DagsterEventType.ASSET_OBSERVATION for step dbtlearn_dbt_assets
[32m2024-12-04 15:25:43 +0000[0m - dagster - [34mDEBUG[0m - materialize_dbt_models - 9c07e6e7-e354-41b0-a40d-9f7387bc326c - 45844 - dbtlearn_dbt_assets - ASSET_OBSERVATION - DagsterEventType.ASSET_OBSERVATION for step dbtlearn_dbt_assets
[32m2024-12-04 15:25:44 +0000[0m - dagster - [34mDEBUG[0m - materialize_dbt_models - 9c07e6e7-e354-41b0-a40d-9f7387bc326c - 45844 - dbtlearn_dbt_assets - ASSET_OBSERVATION - DagsterEventType.ASSET_OBSERVATION for step dbtlearn_dbt_assets
[32m2024-12-04 15:25:45 +0000[0m - dagster - [34mDEBUG[0m - materialize_dbt_models - 9c07e6e7-e354-41b0-a40d-9f7387bc326c - 45844 - dbtlearn_dbt_assets - ASSET_OBSERVATION - DagsterEventType.ASSET_OBSERVATION for step dbtlearn_dbt_assets
[32m2024-12-04 15:25:49 +0000[0m - dagster - [34mDEBUG[0m - materialize_dbt_models - 9c07e6e7-e354-41b0-a40d-9f7387bc326c - 45844 - dbtlearn_dbt_assets - STEP_OUTPUT - Yielded output "mart_full_moon_reviews" of type "Nothing". (Type check passed).
[32m2024-12-04 15:25:49 +0000[0m - dagster - [34mDEBUG[0m - materialize_dbt_models - 9c07e6e7-e354-41b0-a40d-9f7387bc326c - 45844 - dbtlearn_dbt_assets - ASSET_MATERIALIZATION - Materialized value mart_full_moon_reviews.
[32m2024-12-04 15:25:50 +0000[0m - dagster - [34mDEBUG[0m - materialize_dbt_models - 9c07e6e7-e354-41b0-a40d-9f7387bc326c - 45844 - dbtlearn_dbt_assets - STEP_OUTPUT - Yielded output "dim_listings_cleansed" of type "Nothing". (Type check passed).
[32m2024-12-04 15:25:50 +0000[0m - dagster - [34mDEBUG[0m - materialize_dbt_models - 9c07e6e7-e354-41b0-a40d-9f7387bc326c - 45844 - dbtlearn_dbt_assets - ASSET_MATERIALIZATION - Materialized value dim_listings_cleansed.
[32m2024-12-04 15:25:51 +0000[0m - dagster - [34mDEBUG[0m - materialize_dbt_models - 9c07e6e7-e354-41b0-a40d-9f7387bc326c - 45844 - dbtlearn_dbt_assets - ASSET_OBSERVATION - DagsterEventType.ASSET_OBSERVATION for step dbtlearn_dbt_assets
[32m2024-12-04 15:25:52 +0000[0m - dagster - [34mDEBUG[0m - materialize_dbt_models - 9c07e6e7-e354-41b0-a40d-9f7387bc326c - 45844 - dbtlearn_dbt_assets - ASSET_OBSERVATION - DagsterEventType.ASSET_OBSERVATION for step dbtlearn_dbt_assets
[32m2024-12-04 15:25:52 +0000[0m - dagster - [34mDEBUG[0m - materialize_dbt_models - 9c07e6e7-e354-41b0-a40d-9f7387bc326c - 45844 - dbtlearn_dbt_assets - ASSET_OBSERVATION - DagsterEventType.ASSET_OBSERVATION for step dbtlearn_dbt_assets
[32m2024-12-04 15:25:54 +0000[0m - dagster - [34mDEBUG[0m - materialize_dbt_models - 9c07e6e7-e354-41b0-a40d-9f7387bc326c - 45844 - dbtlearn_dbt_assets - ASSET_OBSERVATION - DagsterEventType.ASSET_OBSERVATION for step dbtlearn_dbt_assets
[32m2024-12-04 15:25:55 +0000[0m - dagster - [34mDEBUG[0m - materialize_dbt_models - 9c07e6e7-e354-41b0-a40d-9f7387bc326c - 45844 - dbtlearn_dbt_assets - ASSET_OBSERVATION - DagsterEventType.ASSET_OBSERVATION for step dbtlearn_dbt_assets
[32m2024-12-04 15:25:56 +0000[0m - dagster - [34mDEBUG[0m - materialize_dbt_models - 9c07e6e7-e354-41b0-a40d-9f7387bc326c - 45844 - dbtlearn_dbt_assets - ASSET_OBSERVATION - DagsterEventType.ASSET_OBSERVATION for step dbtlearn_dbt_assets
[32m2024-12-04 15:25:57 +0000[0m - dagster - [34mDEBUG[0m - materialize_dbt_models - 9c07e6e7-e354-41b0-a40d-9f7387bc326c - 45844 - dbtlearn_dbt_assets - ASSET_OBSERVATION - DagsterEventType.ASSET_OBSERVATION for step dbtlearn_dbt_assets
[32m2024-12-04 15:25:58 +0000[0m - dagster - [34mDEBUG[0m - materialize_dbt_models - 9c07e6e7-e354-41b0-a40d-9f7387bc326c - 45844 - dbtlearn_dbt_assets - ASSET_OBSERVATION - DagsterEventType.ASSET_OBSERVATION for step dbtlearn_dbt_assets
[32m2024-12-04 15:25:59 +0000[0m - dagster - [34mDEBUG[0m - materialize_dbt_models - 9c07e6e7-e354-41b0-a40d-9f7387bc326c - 45844 - dbtlearn_dbt_assets - ASSET_OBSERVATION - DagsterEventType.ASSET_OBSERVATION for step dbtlearn_dbt_assets
[32m2024-12-04 15:25:59 +0000[0m - dagster - [34mDEBUG[0m - materialize_dbt_models - 9c07e6e7-e354-41b0-a40d-9f7387bc326c - 45844 - dbtlearn_dbt_assets - ASSET_OBSERVATION - DagsterEventType.ASSET_OBSERVATION for step dbtlearn_dbt_assets
[32m2024-12-04 15:26:00 +0000[0m - dagster - [34mDEBUG[0m - materialize_dbt_models - 9c07e6e7-e354-41b0-a40d-9f7387bc326c - 45844 - dbtlearn_dbt_assets - ASSET_OBSERVATION - DagsterEventType.ASSET_OBSERVATION for step dbtlearn_dbt_assets
[32m2024-12-04 15:26:02 +0000[0m - dagster - [34mDEBUG[0m - materialize_dbt_models - 9c07e6e7-e354-41b0-a40d-9f7387bc326c - 45844 - dbtlearn_dbt_assets - STEP_OUTPUT - Yielded output "dim_listings_with_hosts" of type "Nothing". (Type check passed).
[32m2024-12-04 15:26:02 +0000[0m - dagster - [34mDEBUG[0m - materialize_dbt_models - 9c07e6e7-e354-41b0-a40d-9f7387bc326c - 45844 - dbtlearn_dbt_assets - ASSET_MATERIALIZATION - Materialized value dim_listings_with_hosts.
[32m2024-12-04 15:26:03 +0000[0m - dagster - [34mDEBUG[0m - materialize_dbt_models - 9c07e6e7-e354-41b0-a40d-9f7387bc326c - 45844 - dbtlearn_dbt_assets - ASSET_OBSERVATION - DagsterEventType.ASSET_OBSERVATION for step dbtlearn_dbt_assets
[32m2024-12-04 15:26:04 +0000[0m - dagster - [34mDEBUG[0m - materialize_dbt_models - 9c07e6e7-e354-41b0-a40d-9f7387bc326c - 45844 - dbtlearn_dbt_assets - ASSET_OBSERVATION - DagsterEventType.ASSET_OBSERVATION for step dbtlearn_dbt_assets
[32m2024-12-04 15:26:05 +0000[0m - dagster - [34mDEBUG[0m - materialize_dbt_models - 9c07e6e7-e354-41b0-a40d-9f7387bc326c - 45844 - dbtlearn_dbt_assets - ASSET_OBSERVATION - DagsterEventType.ASSET_OBSERVATION for step dbtlearn_dbt_assets
[32m2024-12-04 15:26:06 +0000[0m - dagster - [34mDEBUG[0m - materialize_dbt_models - 9c07e6e7-e354-41b0-a40d-9f7387bc326c - 45844 - dbtlearn_dbt_assets - ASSET_OBSERVATION - DagsterEventType.ASSET_OBSERVATION for step dbtlearn_dbt_assets
[32m2024-12-04 15:26:06 +0000[0m - dagster - [34mDEBUG[0m - materialize_dbt_models - 9c07e6e7-e354-41b0-a40d-9f7387bc326c - 45844 - dbtlearn_dbt_assets - ASSET_OBSERVATION - DagsterEventType.ASSET_OBSERVATION for step dbtlearn_dbt_assets
[32m2024-12-04 15:26:06 +0000[0m - dagster - [34mDEBUG[0m - materialize_dbt_models - 9c07e6e7-e354-41b0-a40d-9f7387bc326c - 45844 - dbtlearn_dbt_assets - STEP_SUCCESS - Finished execution of step "dbtlearn_dbt_assets" in 54.46s.
